05.03.2020 11:05:57	This log contains information about the import schema operation into project 'SQL Server Project' on computer 'DESKTOP-A7MMMGQ' by user 'Dell'.
05.03.2020 11:05:57	Import of database schema has started.
05.03.2020 11:06:04	Gathering database credentials
05.03.2020 11:06:04	Gathering database options
05.03.2020 11:06:04	Gathering generic database scoped configuration option
05.03.2020 11:06:04	Gathering users
05.03.2020 11:06:04	Gathering roles
05.03.2020 11:06:04	Gathering application roles
05.03.2020 11:06:04	Gathering role memberships
05.03.2020 11:06:04	Gathering filegroups
05.03.2020 11:06:04	Gathering full-text catalogs
05.03.2020 11:06:04	Gathering assemblies
05.03.2020 11:06:04	Gathering certificates
05.03.2020 11:06:04	Gathering asymmetric keys
05.03.2020 11:06:04	Gathering symmetric keys
05.03.2020 11:06:04	Gathering encrypted symmetric keys
05.03.2020 11:06:04	Gathering schemas
05.03.2020 11:06:04	Gathering XML schema collections
05.03.2020 11:06:04	Gathering user-defined data types
05.03.2020 11:06:04	Gathering user-defined types
05.03.2020 11:06:04	Gathering table types
05.03.2020 11:06:04	Gathering unique keys for table types
05.03.2020 11:06:04	Gathering primary keys for table types
05.03.2020 11:06:04	Gathering indexes for table types
05.03.2020 11:06:04	Gathering check constraints for table types
05.03.2020 11:06:04	Gathering default constraints for table types
05.03.2020 11:06:04	Gathering partition functions
05.03.2020 11:06:04	Gathering partition schemes
05.03.2020 11:06:04	Gathering functions
05.03.2020 11:06:04	Gathering encrypted functions
05.03.2020 11:06:04	Gathering aggregates
05.03.2020 11:06:04	Gathering procedures
05.03.2020 11:06:04	Gathering encrypted procedures
05.03.2020 11:06:04	Gathering tables
05.03.2020 11:06:04	Gathering primary keys
05.03.2020 11:06:04	Gathering unique constraints
05.03.2020 11:06:04	Gathering foreign keys
05.03.2020 11:06:04	Gathering default constraints
05.03.2020 11:06:04	Gathering check constraints
05.03.2020 11:06:04	Gathering views
05.03.2020 11:06:04	Gathering encrypted views
05.03.2020 11:06:04	Gathering indexes
05.03.2020 11:06:04	Gathering statistics
05.03.2020 11:06:04	Gathering full-text index stoplists
05.03.2020 11:06:04	Gathering search property lists
05.03.2020 11:06:04	Gathering search properties
05.03.2020 11:06:04	Gathering full-text indexes
05.03.2020 11:06:04	Gathering column store indexes
05.03.2020 11:06:04	Gathering spatial indexes
05.03.2020 11:06:04	Gathering XML indexes
05.03.2020 11:06:04	Gathering Selective XML indexes
05.03.2020 11:06:04	Gathering encrypted triggers
05.03.2020 11:06:04	Gathering triggers
05.03.2020 11:06:04	Gathering encrypted and clr ddl triggers
05.03.2020 11:06:04	Gathering ddl triggers
05.03.2020 11:06:04	Gathering synonyms
05.03.2020 11:06:04	Gathering defaults
05.03.2020 11:06:04	Gathering data constraint uddt bindings
05.03.2020 11:06:04	Gathering rules
05.03.2020 11:06:04	Gathering data constraint uddt bindings
05.03.2020 11:06:04	Gathering message types
05.03.2020 11:06:04	Gathering queues
05.03.2020 11:06:04	Gathering contracts
05.03.2020 11:06:04	Gathering services
05.03.2020 11:06:04	Gathering event notifications
05.03.2020 11:06:04	Gathering remote service bindings
05.03.2020 11:06:04	Gathering broker priorities
05.03.2020 11:06:04	Gathering signatures
05.03.2020 11:06:04	Gathering data compression options
05.03.2020 11:06:04	Gathering sequence types
05.03.2020 11:06:04	Gathering security policies
05.03.2020 11:06:04	Gather column encryption keys
05.03.2020 11:06:04	Gathering column master keys
05.03.2020 11:06:04	Gathering external data sources
05.03.2020 11:06:04	Gathering external file formats
05.03.2020 11:06:04	Gathering external tables
05.03.2020 11:06:04	Gathering extended properties
05.03.2020 11:06:04	Gathering credentials
05.03.2020 11:06:04	Gathering logins
05.03.2020 11:06:04	Gathering server audits
05.03.2020 11:06:05	Scanning project for duplicate elements
05.03.2020 11:06:05	Finished duplicate element processing
05.03.2020 11:06:05	Finished importing database.
05.03.2020 11:06:05	A summary of the import was saved to the following location: C:\Projekt BI\SQL Server Project\SQL Server Project\Import Schema Logs\SQL Server Project_20200305100557.log
05.03.2020 11:06:05	Click Finish to continue...
